mode: set
github.com/adityatresnobudi/job-portal/handler/user_job_handler.go:12.44,17.54 4 0
github.com/adityatresnobudi/job-portal/handler/user_job_handler.go:23.2,24.16 2 0
github.com/adityatresnobudi/job-portal/handler/user_job_handler.go:30.2,30.59 1 0
github.com/adityatresnobudi/job-portal/handler/user_job_handler.go:17.54,21.3 3 0
github.com/adityatresnobudi/job-portal/handler/user_job_handler.go:24.16,28.3 3 0
github.com/adityatresnobudi/job-portal/handler/handler.go:11.129,17.2 1 1
github.com/adityatresnobudi/job-portal/handler/job_handler.go:15.43,19.16 4 1
github.com/adityatresnobudi/job-portal/handler/job_handler.go:25.2,25.53 1 1
github.com/adityatresnobudi/job-portal/handler/job_handler.go:19.16,23.3 3 1
github.com/adityatresnobudi/job-portal/handler/job_handler.go:28.49,32.50 4 1
github.com/adityatresnobudi/job-portal/handler/job_handler.go:38.2,41.16 3 1
github.com/adityatresnobudi/job-portal/handler/job_handler.go:46.2,47.76 2 1
github.com/adityatresnobudi/job-portal/handler/job_handler.go:32.50,36.3 3 1
github.com/adityatresnobudi/job-portal/handler/job_handler.go:41.16,45.3 3 1
github.com/adityatresnobudi/job-portal/handler/job_handler.go:50.45,55.16 4 1
github.com/adityatresnobudi/job-portal/handler/job_handler.go:61.2,62.16 2 1
github.com/adityatresnobudi/job-portal/handler/job_handler.go:68.2,69.16 2 1
github.com/adityatresnobudi/job-portal/handler/job_handler.go:74.2,75.73 2 1
github.com/adityatresnobudi/job-portal/handler/job_handler.go:55.16,59.3 3 0
github.com/adityatresnobudi/job-portal/handler/job_handler.go:62.16,66.3 3 0
github.com/adityatresnobudi/job-portal/handler/job_handler.go:69.16,73.3 3 0
github.com/adityatresnobudi/job-portal/handler/job_handler.go:78.46,86.16 7 0
github.com/adityatresnobudi/job-portal/handler/job_handler.go:92.2,93.16 2 0
github.com/adityatresnobudi/job-portal/handler/job_handler.go:99.2,100.16 2 0
github.com/adityatresnobudi/job-portal/handler/job_handler.go:106.2,106.17 1 0
github.com/adityatresnobudi/job-portal/handler/job_handler.go:116.2,116.19 1 0
github.com/adityatresnobudi/job-portal/handler/job_handler.go:126.2,127.80 2 0
github.com/adityatresnobudi/job-portal/handler/job_handler.go:86.16,90.3 3 0
github.com/adityatresnobudi/job-portal/handler/job_handler.go:93.16,97.3 3 0
github.com/adityatresnobudi/job-portal/handler/job_handler.go:100.16,104.3 3 0
github.com/adityatresnobudi/job-portal/handler/job_handler.go:106.17,108.17 2 0
github.com/adityatresnobudi/job-portal/handler/job_handler.go:113.3,113.15 1 0
github.com/adityatresnobudi/job-portal/handler/job_handler.go:108.17,112.4 3 0
github.com/adityatresnobudi/job-portal/handler/job_handler.go:116.19,118.17 2 0
github.com/adityatresnobudi/job-portal/handler/job_handler.go:123.3,123.15 1 0
github.com/adityatresnobudi/job-portal/handler/job_handler.go:118.17,122.4 3 0
github.com/adityatresnobudi/job-portal/handler/user_handler.go:12.46,15.51 3 0
github.com/adityatresnobudi/job-portal/handler/user_handler.go:21.2,22.16 2 0
github.com/adityatresnobudi/job-portal/handler/user_handler.go:28.2,28.59 1 0
github.com/adityatresnobudi/job-portal/handler/user_handler.go:15.51,19.3 3 0
github.com/adityatresnobudi/job-portal/handler/user_handler.go:22.16,26.3 3 0
github.com/adityatresnobudi/job-portal/handler/user_handler.go:31.45,34.47 3 0
github.com/adityatresnobudi/job-portal/handler/user_handler.go:40.2,41.16 2 0
github.com/adityatresnobudi/job-portal/handler/user_handler.go:47.2,47.33 1 0
github.com/adityatresnobudi/job-portal/handler/user_handler.go:34.47,38.3 3 0
github.com/adityatresnobudi/job-portal/handler/user_handler.go:41.16,45.3 3 0
